<?xml version="1.0" encoding="UTF-8"?>
<!-- Generated by org.testng.reporters.JUnitReportReporter -->
<testsuite skipped="0" hostname="Nandhakumar" name="com.addingproductincart.amazon.AddProduct" tests="5" failures="0" timestamp="01 Aug 2022 07:14:06 GMT" time="74.903" errors="0">
  <testcase name="viewAddedProductinCart" time="34.227" classname="com.addingproductincart.amazon.AddProduct"/>
  <testcase name="addToCart" time="18.765" classname="com.addingproductincart.amazon.AddProduct"/>
  <testcase name="searchProduct" time="18.613" classname="com.addingproductincart.amazon.AddProduct"/>
  <testcase name="verifytheProduct" time="0.018" classname="com.addingproductincart.amazon.AddProduct"/>
  <testcase name="selectProduct" time="3.280" classname="com.addingproductincart.amazon.AddProduct"/>
</testsuite> <!-- com.addingproductincart.amazon.AddProduct -->
